DEALER: dealing round
PLAYER 0: hand 1 
PLAYER 1: hand 9 
PLAYER 2: hand 5 
# cards in deck: 49. Deck:
2 9 11 8 11 4 5 7 13 6 13 2 7 2 5 10 12 6 4 9 1 4 3 5 2 10 9 13 11 10 6 3 8 11 4 12 12 7 3 1 8 6 7 1 3 12 8 10 13 
PLAYER 0: draws 13
PLAYER 0: hand 13 1 
PLAYER 2: draws 10
PLAYER 2: hand 10 5 
PLAYER 1: draws 8
PLAYER 1: hand 8 9 
PLAYER 1: discards 9
PLAYER 1: hand 8 
PLAYER 1: draws 12
PLAYER 1: hand 12 8 
PLAYER 0: discards 1
PLAYER 0: hand 13 
PLAYER 0: draws 3
PLAYER 0: hand 3 13 
PLAYER 2: discards 5
PLAYER 2: hand 10 
PLAYER 2: draws 1
PLAYER 2: hand 1 10 
PLAYER 0: discards 13
PLAYER 0: hand 3 
PLAYER 0: draws 7
PLAYER 0: hand 7 3 
PLAYER 1: discards 12
PLAYER 1: hand 8 
PLAYER 1: draws 6
PLAYER 1: hand 6 8 
PLAYER 2: discards 1
PLAYER 2: hand 10 
PLAYER 2: draws 8
PLAYER 2: hand 8 10 
PLAYER 0: discards 7
PLAYER 0: hand 3 
PLAYER 0: draws 1
PLAYER 0: hand 1 3 
PLAYER 2: discards 10
PLAYER 2: hand 8 
PLAYER 2: draws 3
PLAYER 2: hand 3 8 
PLAYER 1: discards 8
PLAYER 1: hand 6 
PLAYER 1: draws 7
PLAYER 1: hand 7 6 
PLAYER 0: discards 1
PLAYER 0: hand 3 
PLAYER 0: draws 12
PLAYER 0: hand 12 3 
PLAYER 1: discards 6
PLAYER 1: hand 7 
PLAYER 1: draws 12
PLAYER 1: hand 12 7 
PLAYER 2: discards 3
PLAYER 2: hand 8 
PLAYER 2: draws 4
PLAYER 2: hand 4 8 
PLAYER 1: discards 7
PLAYER 1: hand 12 
PLAYER 1: draws 11
PLAYER 1: hand 11 12 
PLAYER 0: discards 12
PLAYER 0: hand 3 
PLAYER 0: draws 8
PLAYER 0: hand 8 3 
PLAYER 2: discards 8
PLAYER 2: hand 4 
PLAYER 2: draws 3
PLAYER 2: hand 3 4 
PLAYER 0: discards 8
PLAYER 0: hand 3 
PLAYER 0: draws 6
PLAYER 0: hand 6 3 
PLAYER 1: discards 12
PLAYER 1: hand 11 
PLAYER 1: draws 10
PLAYER 1: hand 10 11 
PLAYER 2: discards 4
PLAYER 2: hand 3 
PLAYER 2: draws 11
PLAYER 2: hand 11 3 
PLAYER 0: discards 6
PLAYER 0: hand 3 
PLAYER 0: draws 13
PLAYER 0: hand 13 3 
PLAYER 2: discards 11
PLAYER 2: hand 3 
PLAYER 2: draws 9
PLAYER 2: hand 9 3 
PLAYER 1: discards 11
PLAYER 1: hand 10 
PLAYER 1: draws 10
PLAYER 1: hand 10 10 
PLAYER 1 WINS!
PLAYER 0: hand 13 3 
PLAYER 1: hand 10 10 
PLAYER 2: hand 9 3 
# cards in deck: 46. Deck:
11 11 6 4 12 8 8 12 7 3 6 1 8 10 7 1 12 13 5 1 9 2 9 11 8 11 4 5 7 13 6 13 2 7 2 5 10 12 6 4 9 1 4 3 5 2 
PLAYER 0: exits round
PLAYER 1: exits round
PLAYER 2: exits round
DEALER: shuffling
DEALER: dealing round
PLAYER 0: hand 9 
PLAYER 1: hand 12 
PLAYER 2: hand 11 
# cards in deck: 49. Deck:
11 7 3 4 7 8 11 5 11 5 4 7 4 10 10 1 8 9 10 2 2 13 2 6 9 5 13 5 10 8 6 4 1 12 3 8 1 1 9 12 6 13 3 3 12 13 2 7 6 
PLAYER 0: draws 6
PLAYER 0: hand 6 9 
PLAYER 1: draws 7
PLAYER 1: hand 7 12 
PLAYER 2: draws 2
PLAYER 2: hand 2 11 
PLAYER 0: discards 9
PLAYER 0: hand 6 
PLAYER 0: draws 13
PLAYER 0: hand 13 6 
PLAYER 2: discards 2
PLAYER 2: hand 11 
PLAYER 2: draws 12
PLAYER 2: hand 12 11 
PLAYER 1: discards 7
PLAYER 1: hand 12 
PLAYER 1: draws 3
PLAYER 1: hand 3 12 
PLAYER 0: discards 6
PLAYER 0: hand 13 
PLAYER 0: draws 3
PLAYER 0: hand 3 13 
PLAYER 1: discards 12
PLAYER 1: hand 3 
PLAYER 1: draws 13
PLAYER 1: hand 13 3 
PLAYER 2: discards 11
PLAYER 2: hand 12 
PLAYER 2: draws 6
PLAYER 2: hand 6 12 
PLAYER 0: discards 3
PLAYER 0: hand 13 
PLAYER 0: draws 12
PLAYER 0: hand 12 13 
PLAYER 2: discards 12
PLAYER 2: hand 6 
PLAYER 2: draws 9
PLAYER 2: hand 9 6 
PLAYER 1: discards 3
PLAYER 1: hand 13 
PLAYER 1: draws 1
PLAYER 1: hand 1 13 
PLAYER 0: discards 13
PLAYER 0: hand 12 
PLAYER 0: draws 1
PLAYER 0: hand 1 12 
PLAYER 1: discards 1
PLAYER 1: hand 13 
PLAYER 1: draws 8
PLAYER 1: hand 8 13 
PLAYER 2: discards 6
PLAYER 2: hand 9 
PLAYER 2: draws 3
PLAYER 2: hand 3 9 
PLAYER 0: discards 12
PLAYER 0: hand 1 
PLAYER 0: draws 12
PLAYER 0: hand 12 1 
PLAYER 2: discards 9
PLAYER 2: hand 3 
PLAYER 2: draws 1
PLAYER 2: hand 1 3 
PLAYER 1: discards 13
PLAYER 1: hand 8 
PLAYER 1: draws 4
PLAYER 1: hand 4 8 
PLAYER 0: discards 1
PLAYER 0: hand 12 
PLAYER 0: draws 6
PLAYER 0: hand 6 12 
PLAYER 1: discards 4
PLAYER 1: hand 8 
PLAYER 1: draws 8
PLAYER 1: hand 8 8 
PLAYER 1 WINS!
PLAYER 2: discards 1
PLAYER 2: hand 3 
PLAYER 2: draws 10
PLAYER 2: hand 10 3 
PLAYER 0: hand 6 12 
PLAYER 1: hand 8 8 
PLAYER 2: hand 10 3 
# cards in deck: 46. Deck:
1 4 1 13 9 12 6 1 13 3 12 3 11 12 6 7 2 9 11 7 3 4 7 8 11 5 11 5 4 7 4 10 10 1 8 9 10 2 2 13 2 6 9 5 13 5 
PLAYER 0: exits round
PLAYER 1: exits round
PLAYER 2: exits round
DEALER: shuffling
DEALER: dealing round
PLAYER 0: hand 13 
PLAYER 1: hand 6 
PLAYER 2: hand 10 
# cards in deck: 49. Deck:
1 5 7 9 12 11 8 11 4 9 6 6 1 13 3 11 2 13 8 9 4 8 10 12 5 7 5 3 10 1 5 3 6 10 12 8 1 4 4 2 2 9 7 13 11 12 2 3 7 
PLAYER 0: draws 7
PLAYER 0: hand 7 13 
PLAYER 1: draws 3
PLAYER 1: hand 3 6 
PLAYER 2: draws 2
PLAYER 2: hand 2 10 
PLAYER 1: discards 6
PLAYER 1: hand 3 
PLAYER 1: draws 12
PLAYER 1: hand 12 3 
PLAYER 0: discards 13
PLAYER 0: hand 7 
PLAYER 0: draws 11
PLAYER 0: hand 11 7 
PLAYER 2: discards 2
PLAYER 2: hand 10 
PLAYER 2: draws 13
PLAYER 2: hand 13 10 
PLAYER 0: discards 11
PLAYER 0: hand 7 
PLAYER 0: draws 7
PLAYER 0: hand 7 7 
PLAYER 0 WINS!
PLAYER 2: discards 13
PLAYER 2: hand 10 
PLAYER 2: draws 9
PLAYER 2: hand 9 10 
PLAYER 1: discards 3
PLAYER 1: hand 12 
PLAYER 1: draws 2
PLAYER 1: hand 2 12 
PLAYER 0: hand 7 7 
PLAYER 1: hand 2 12 
PLAYER 2: hand 9 10 
# cards in deck: 46. Deck:
3 13 11 2 13 6 1 5 7 9 12 11 8 11 4 9 6 6 1 13 3 11 2 13 8 9 4 8 10 12 5 7 5 3 10 1 5 3 6 10 12 8 1 4 4 2 
PLAYER 0: exits round
PLAYER 1: exits round
PLAYER 2: exits round
DEALER: shuffling
DEALER: dealing round
PLAYER 0: hand 1 
PLAYER 1: hand 9 
PLAYER 2: hand 5 
# cards in deck: 49. Deck:
2 9 11 8 11 4 5 7 13 6 13 2 7 2 5 10 12 6 4 9 1 4 3 5 2 10 9 13 11 10 6 3 8 11 4 12 12 7 3 1 8 6 7 1 3 12 8 10 13 
PLAYER 0: draws 13
PLAYER 0: hand 13 1 
PLAYER 2: draws 10
PLAYER 2: hand 10 5 
PLAYER 1: draws 8
PLAYER 1: hand 8 9 
PLAYER 0: discards 1
PLAYER 0: hand 13 
PLAYER 0: draws 12
PLAYER 0: hand 12 13 
PLAYER 2: discards 5
PLAYER 2: hand 10 
PLAYER 2: draws 3
PLAYER 2: hand 3 10 
PLAYER 1: discards 9
PLAYER 1: hand 8 
PLAYER 1: draws 1
PLAYER 1: hand 1 8 
PLAYER 0: discards 13
PLAYER 0: hand 12 
PLAYER 0: draws 7
PLAYER 0: hand 7 12 
PLAYER 1: discards 1
PLAYER 1: hand 8 
PLAYER 1: draws 6
PLAYER 1: hand 6 8 
PLAYER 2: discards 3
PLAYER 2: hand 10 
PLAYER 2: draws 8
PLAYER 2: hand 8 10 
PLAYER 1: discards 6
PLAYER 1: hand 8 
PLAYER 1: draws 1
PLAYER 1: hand 1 8 
PLAYER 2: discards 10
PLAYER 2: hand 8 
PLAYER 2: draws 3
PLAYER 2: hand 3 8 
PLAYER 0: discards 12
PLAYER 0: hand 7 
PLAYER 0: draws 7
PLAYER 0: hand 7 7 
PLAYER 0 WINS!
PLAYER 0: hand 7 7 
PLAYER 1: hand 1 8 
PLAYER 2: hand 3 8 
# cards in deck: 46. Deck:
12 10 6 3 1 13 9 5 1 2 9 11 8 11 4 5 7 13 6 13 2 7 2 5 10 12 6 4 9 1 4 3 5 2 10 9 13 11 10 6 3 8 11 4 12 12 
PLAYER 0: exits round
PLAYER 1: exits round
PLAYER 2: exits round
DEALER: shuffling
DEALER: dealing round
PLAYER 0: hand 10 
PLAYER 1: hand 1 
PLAYER 2: hand 5 
# cards in deck: 49. Deck:
10 12 5 2 4 11 3 8 10 7 6 1 6 12 9 9 3 11 12 10 6 5 8 12 7 5 4 13 13 4 1 1 9 13 8 4 11 9 7 2 11 7 3 6 8 13 2 3 2 
PLAYER 0: draws 2
PLAYER 0: hand 2 10 
PLAYER 1: draws 3
PLAYER 1: hand 3 1 
PLAYER 2: draws 2
PLAYER 2: hand 2 5 
PLAYER 0: discards 10
PLAYER 0: hand 2 
PLAYER 0: draws 13
PLAYER 0: hand 13 2 
PLAYER 1: discards 3
PLAYER 1: hand 1 
PLAYER 1: draws 8
PLAYER 1: hand 8 1 
PLAYER 2: discards 2
PLAYER 2: hand 5 
PLAYER 2: draws 6
PLAYER 2: hand 6 5 
PLAYER 0: discards 13
PLAYER 0: hand 2 
PLAYER 0: draws 3
PLAYER 0: hand 3 2 
PLAYER 1: discards 8
PLAYER 1: hand 1 
PLAYER 1: draws 7
PLAYER 1: hand 7 1 
PLAYER 2: discards 6
PLAYER 2: hand 5 
PLAYER 2: draws 11
PLAYER 2: hand 11 5 
PLAYER 0: discards 2
PLAYER 0: hand 3 
PLAYER 0: draws 2
PLAYER 0: hand 2 3 
PLAYER 1: discards 1
PLAYER 1: hand 7 
PLAYER 1: draws 7
PLAYER 1: hand 7 7 
PLAYER 1 WINS!
PLAYER 2: discards 11
PLAYER 2: hand 5 
PLAYER 2: draws 9
PLAYER 2: hand 9 5 
PLAYER 0: hand 2 3 
PLAYER 1: hand 7 7 
PLAYER 2: hand 9 5 
# cards in deck: 46. Deck:
11 1 2 6 8 13 2 3 10 10 12 5 2 4 11 3 8 10 7 6 1 6 12 9 9 3 11 12 10 6 5 8 12 7 5 4 13 13 4 1 1 9 13 8 4 11 
PLAYER 0: exits round
PLAYER 1: exits round
PLAYER 2: exits round
DEALER: shuffling
DEALER: dealing round
PLAYER 0: hand 9 
PLAYER 1: hand 7 
PLAYER 2: hand 2 
# cards in deck: 49. Deck:
10 13 12 6 2 6 5 11 1 1 13 12 10 4 9 10 5 8 5 8 11 4 3 2 8 12 7 9 11 7 2 3 13 10 12 7 13 8 1 11 3 9 3 4 4 1 6 5 6 
PLAYER 0: draws 6
PLAYER 0: hand 6 9 
PLAYER 1: draws 5
PLAYER 1: hand 5 7 
PLAYER 2: draws 6
PLAYER 2: hand 6 2 
PLAYER 0: discards 9
PLAYER 0: hand 6 
PLAYER 0: draws 1
PLAYER 0: hand 1 6 
PLAYER 2: discards 6
PLAYER 2: hand 2 
PLAYER 2: draws 4
PLAYER 2: hand 4 2 
PLAYER 1: discards 7
PLAYER 1: hand 5 
PLAYER 1: draws 4
PLAYER 1: hand 4 5 
PLAYER 0: discards 6
PLAYER 0: hand 1 
PLAYER 0: draws 3
PLAYER 0: hand 3 1 
PLAYER 1: discards 5
PLAYER 1: hand 4 
PLAYER 1: draws 9
PLAYER 1: hand 9 4 
PLAYER 2: discards 4
PLAYER 2: hand 2 
PLAYER 2: draws 3
PLAYER 2: hand 3 2 
PLAYER 1: discards 9
PLAYER 1: hand 4 
PLAYER 1: draws 11
PLAYER 1: hand 11 4 
PLAYER 2: discards 3
PLAYER 2: hand 2 
PLAYER 2: draws 1
PLAYER 2: hand 1 2 
PLAYER 0: discards 1
PLAYER 0: hand 3 
PLAYER 0: draws 8
PLAYER 0: hand 8 3 
PLAYER 1: discards 4
PLAYER 1: hand 11 
PLAYER 1: draws 13
PLAYER 1: hand 13 11 
PLAYER 2: discards 2
PLAYER 2: hand 1 
PLAYER 2: draws 7
PLAYER 2: hand 7 1 
PLAYER 0: discards 8
PLAYER 0: hand 3 
PLAYER 0: draws 12
PLAYER 0: hand 12 3 
PLAYER 0: discards 12
PLAYER 0: hand 3 
PLAYER 0: draws 10
PLAYER 0: hand 10 3 
PLAYER 1: discards 13
PLAYER 1: hand 11 
PLAYER 1: draws 13
PLAYER 1: hand 13 11 
PLAYER 2: discards 7
PLAYER 2: hand 1 
PLAYER 2: draws 3
PLAYER 2: hand 3 1 
PLAYER 1: discards 11
PLAYER 1: hand 13 
PLAYER 1: draws 2
PLAYER 1: hand 2 13 
PLAYER 0: discards 10
PLAYER 0: hand 3 
PLAYER 0: draws 7
PLAYER 0: hand 7 3 
PLAYER 2: discards 3
PLAYER 2: hand 1 
PLAYER 2: draws 11
PLAYER 2: hand 11 1 
PLAYER 1: discards 2
PLAYER 1: hand 13 
PLAYER 1: draws 9
PLAYER 1: hand 9 13 
PLAYER 2: discards 1
PLAYER 2: hand 11 
PLAYER 2: draws 7
PLAYER 2: hand 7 11 
PLAYER 0: discards 3
PLAYER 0: hand 7 
PLAYER 0: draws 12
PLAYER 0: hand 12 7 
PLAYER 0: discards 7
PLAYER 0: hand 12 
PLAYER 0: draws 8
PLAYER 0: hand 8 12 
PLAYER 1: discards 13
PLAYER 1: hand 9 
PLAYER 1: draws 2
PLAYER 1: hand 2 9 
PLAYER 2: discards 7
PLAYER 2: hand 11 
PLAYER 2: draws 3
PLAYER 2: hand 3 11 
PLAYER 0: discards 8
PLAYER 0: hand 12 
PLAYER 0: draws 4
PLAYER 0: hand 4 12 
PLAYER 1: discards 2
PLAYER 1: hand 9 
PLAYER 1: draws 11
PLAYER 1: hand 11 9 
PLAYER 2: discards 11
PLAYER 2: hand 3 
PLAYER 2: draws 8
PLAYER 2: hand 8 3 
PLAYER 0: discards 4
PLAYER 0: hand 12 
PLAYER 0: draws 5
PLAYER 0: hand 5 12 
PLAYER 1: discards 11
PLAYER 1: hand 9 
PLAYER 1: draws 8
PLAYER 1: hand 8 9 
PLAYER 2: discards 3
PLAYER 2: hand 8 
PLAYER 2: draws 5
PLAYER 2: hand 5 8 
PLAYER 0: discards 5
PLAYER 0: hand 12 
PLAYER 0: draws 10
PLAYER 0: hand 10 12 
PLAYER 2: discards 5
PLAYER 2: hand 8 
PLAYER 2: draws 9
PLAYER 2: hand 9 8 
PLAYER 1: discards 8
PLAYER 1: hand 9 
PLAYER 1: draws 4
PLAYER 1: hand 4 9 
PLAYER 0: discards 12
PLAYER 0: hand 10 
PLAYER 0: draws 10
PLAYER 0: hand 10 10 
PLAYER 0 WINS!
PLAYER 1: discards 4
PLAYER 1: hand 9 
PLAYER 1: draws 12
PLAYER 1: hand 12 9 
PLAYER 2: discards 8
PLAYER 2: hand 9 
PLAYER 2: draws 13
PLAYER 2: hand 13 9 
PLAYER 0: hand 10 10 
PLAYER 1: hand 12 9 
PLAYER 2: hand 13 9 
# cards in deck: 46. Deck:
8 4 12 8 5 5 3 11 4 11 2 8 7 13 7 3 1 2 3 10 11 7 13 12 8 2 4 1 3 9 4 5 6 7 6 9 10 13 12 6 2 6 5 11 1 1 
PLAYER 0: exits round
PLAYER 1: exits round
PLAYER 2: exits round
